TN:
SF:homework4/homeWork4.1.ts
FN:48,(anonymous_0)
FN:50,(anonymous_1)
FN:70,(anonymous_2)
FN:90,(anonymous_3)
FN:94,(anonymous_4)
FN:95,(anonymous_5)
FN:98,(anonymous_6)
FN:99,(anonymous_7)
FN:102,(anonymous_8)
FN:103,(anonymous_9)
FN:106,(anonymous_10)
FN:107,(anonymous_11)
FN:112,(anonymous_12)
FN:113,(anonymous_13)
FN:121,(anonymous_14)
FN:123,(anonymous_15)
FN:124,(anonymous_16)
FNF:17
FNH:11
FNDA:0,(anonymous_0)
FNDA:0,(anonymous_1)
FNDA:0,(anonymous_2)
FNDA:1,(anonymous_3)
FNDA:6,(anonymous_4)
FNDA:15,(anonymous_5)
FNDA:3,(anonymous_6)
FNDA:6,(anonymous_7)
FNDA:1,(anonymous_8)
FNDA:3,(anonymous_9)
FNDA:3,(anonymous_10)
FNDA:6,(anonymous_11)
FNDA:3,(anonymous_12)
FNDA:6,(anonymous_13)
FNDA:0,(anonymous_14)
FNDA:0,(anonymous_15)
FNDA:0,(anonymous_16)
DA:34,1
DA:36,18
DA:42,18
DA:49,0
DA:50,0
DA:51,0
DA:52,0
DA:54,0
DA:55,0
DA:57,0
DA:58,0
DA:60,0
DA:61,0
DA:63,0
DA:64,0
DA:66,0
DA:71,0
DA:72,0
DA:73,0
DA:75,0
DA:76,0
DA:78,0
DA:79,0
DA:81,0
DA:82,0
DA:84,0
DA:85,0
DA:87,0
DA:91,1
DA:95,15
DA:99,6
DA:103,3
DA:107,6
DA:108,3
DA:109,3
DA:113,6
DA:114,3
DA:115,3
DA:122,0
DA:123,0
DA:124,0
DA:127,0
DA:133,1
LF:43
LH:14
BRDA:51,0,0,0
BRDA:51,1,0,0
BRDA:51,1,1,0
BRDA:54,2,0,0
BRDA:54,3,0,0
BRDA:54,3,1,0
BRDA:57,4,0,0
BRDA:57,5,0,0
BRDA:57,5,1,0
BRDA:60,6,0,0
BRDA:60,7,0,0
BRDA:60,7,1,0
BRDA:63,8,0,0
BRDA:63,9,0,0
BRDA:63,9,1,0
BRDA:72,10,0,0
BRDA:72,11,0,0
BRDA:72,11,1,0
BRDA:75,12,0,0
BRDA:75,13,0,0
BRDA:75,13,1,0
BRDA:78,14,0,0
BRDA:78,15,0,0
BRDA:78,15,1,0
BRDA:81,16,0,0
BRDA:81,17,0,0
BRDA:81,17,1,0
BRDA:84,18,0,0
BRDA:84,19,0,0
BRDA:84,19,1,0
BRDA:122,20,0,0
BRDA:122,20,1,0
BRF:32
BRH:0
end_of_record
TN:
SF:homework4/homework4.2.ts
FN:12,(anonymous_9)
FN:16,(anonymous_10)
FN:20,(anonymous_11)
FN:24,(anonymous_12)
FN:31,(anonymous_13)
FN:38,(anonymous_14)
FN:74,(anonymous_15)
FN:75,(anonymous_16)
FN:76,(anonymous_17)
FNF:9
FNH:6
FNDA:3,(anonymous_9)
FNDA:2,(anonymous_10)
FNDA:1,(anonymous_11)
FNDA:2,(anonymous_12)
FNDA:3,(anonymous_13)
FNDA:8,(anonymous_14)
FNDA:0,(anonymous_15)
FNDA:0,(anonymous_16)
FNDA:0,(anonymous_17)
DA:1,1
DA:11,1
DA:13,3
DA:17,2
DA:21,1
DA:25,2
DA:26,0
DA:28,2
DA:32,3
DA:39,8
DA:40,8
DA:41,8
DA:42,8
DA:43,8
DA:44,1
DA:47,7
DA:49,2
DA:51,1
DA:53,0
DA:55,1
DA:57,2
DA:59,1
DA:65,1
DA:67,1
DA:72,1
DA:74,1
DA:75,0
DA:76,0
DA:77,0
DA:78,0
DA:80,0
DA:81,0
DA:82,0
DA:84,0
DA:85,0
DA:87,0
DA:89,0
DA:92,0
LF:38
LH:24
BRDA:25,0,0,0
BRDA:39,1,0,2
BRDA:39,1,1,6
BRDA:40,2,0,2
BRDA:40,2,1,6
BRDA:43,3,0,1
BRDA:43,4,0,8
BRDA:43,4,1,7
BRDA:47,5,0,2
BRDA:47,5,1,1
BRDA:47,5,2,0
BRDA:47,5,3,1
BRDA:47,5,4,2
BRDA:47,5,5,1
BRDA:84,6,0,0
BRDA:84,6,1,0
BRF:16
BRH:12
end_of_record
TN:
SF:homework5.1/homework5-1.ts
FN:7,(anonymous_0)
FN:13,(anonymous_1)
FN:17,(anonymous_2)
FN:21,(anonymous_3)
FN:25,(anonymous_4)
FN:38,(anonymous_5)
FN:43,(anonymous_6)
FN:47,(anonymous_7)
FN:51,(anonymous_8)
FN:55,(anonymous_9)
FN:69,(anonymous_10)
FN:73,(anonymous_11)
FN:77,(anonymous_12)
FN:81,(anonymous_13)
FN:85,(anonymous_14)
FN:98,(anonymous_15)
FN:102,(anonymous_16)
FN:106,(anonymous_17)
FN:110,(anonymous_18)
FN:114,(anonymous_19)
FN:129,(anonymous_20)
FN:136,(anonymous_21)
FN:140,(anonymous_22)
FN:145,(anonymous_23)
FN:149,(anonymous_24)
FN:153,(anonymous_25)
FN:163,(anonymous_26)
FN:167,(anonymous_27)
FN:188,(anonymous_28)
FN:195,(anonymous_29)
FN:199,(anonymous_30)
FNF:31
FNH:31
FNDA:7,(anonymous_0)
FNDA:5,(anonymous_1)
FNDA:5,(anonymous_2)
FNDA:5,(anonymous_3)
FNDA:4,(anonymous_4)
FNDA:7,(anonymous_5)
FNDA:5,(anonymous_6)
FNDA:5,(anonymous_7)
FNDA:5,(anonymous_8)
FNDA:4,(anonymous_9)
FNDA:7,(anonymous_10)
FNDA:5,(anonymous_11)
FNDA:5,(anonymous_12)
FNDA:5,(anonymous_13)
FNDA:4,(anonymous_14)
FNDA:7,(anonymous_15)
FNDA:5,(anonymous_16)
FNDA:5,(anonymous_17)
FNDA:5,(anonymous_18)
FNDA:4,(anonymous_19)
FNDA:9,(anonymous_20)
FNDA:14,(anonymous_21)
FNDA:9,(anonymous_22)
FNDA:1,(anonymous_23)
FNDA:1,(anonymous_24)
FNDA:5,(anonymous_25)
FNDA:4,(anonymous_26)
FNDA:4,(anonymous_27)
FNDA:5,(anonymous_28)
FNDA:5,(anonymous_29)
FNDA:4,(anonymous_30)
DA:1,1
DA:4,1
DA:8,7
DA:9,7
DA:14,5
DA:18,5
DA:22,5
DA:26,4
DA:31,1
DA:33,1
DA:35,1
DA:39,7
DA:40,7
DA:44,5
DA:48,5
DA:52,5
DA:56,4
DA:61,1
DA:63,1
DA:68,1
DA:70,7
DA:74,5
DA:78,5
DA:82,5
DA:86,4
DA:92,1
DA:94,1
DA:97,1
DA:99,7
DA:103,5
DA:107,5
DA:111,5
DA:115,4
DA:120,1
DA:121,1
DA:124,1
DA:130,9
DA:131,9
DA:132,9
DA:133,9
DA:137,14
DA:141,9
DA:142,9
DA:146,1
DA:150,1
DA:154,5
DA:155,4
DA:156,1
DA:157,0
DA:159,1
DA:164,4
DA:168,4
DA:174,1
DA:175,1
DA:177,1
DA:178,1
DA:182,1
DA:189,5
DA:190,5
DA:191,5
DA:192,5
DA:196,5
DA:200,4
DA:204,1
DA:205,1
LF:65
LH:64
BRDA:154,0,0,4
BRDA:154,0,1,1
BRDA:154,1,0,5
BRDA:154,1,1,4
BRDA:156,2,0,0
BRDA:156,2,1,1
BRDA:156,3,0,1
BRDA:156,3,1,1
BRDA:156,3,2,1
BRF:9
BRH:8
end_of_record
TN:
SF:homework5.1/AbstractClasses/AbstractClasses.ts
FN:14,(anonymous_0)
FN:29,(anonymous_1)
FN:41,(anonymous_2)
FN:50,(anonymous_3)
FNF:4
FNH:4
FNDA:37,(anonymous_0)
FNDA:14,(anonymous_1)
FNDA:23,(anonymous_2)
FNDA:8,(anonymous_3)
DA:10,1
DA:15,37
DA:16,37
DA:27,1
DA:30,14
DA:37,1
DA:42,23
DA:43,23
DA:44,23
DA:51,8
LF:10
LH:10
BRF:0
BRH:0
end_of_record
TN:
SF:homework6/homework6.1.ts
FNF:0
FNH:0
DA:11,1
DA:18,1
DA:26,1
DA:33,1
DA:35,1
DA:37,1
DA:39,1
DA:41,1
DA:43,1
LF:9
LH:9
BRDA:41,0,0,1
BRDA:41,0,1,1
BRDA:43,1,0,1
BRDA:43,1,1,1
BRF:4
BRH:4
end_of_record
TN:
SF:homework6/homework6.2.ts
FN:23,handleAction
FNF:1
FNH:1
FNDA:18,handleAction
DA:23,1
DA:24,18
DA:26,4
DA:27,4
DA:28,2
DA:30,2
DA:32,4
DA:35,4
DA:36,4
DA:37,4
DA:38,2
DA:40,4
DA:41,2
DA:43,4
DA:44,2
DA:46,4
DA:47,2
DA:49,4
DA:52,4
DA:53,4
DA:54,2
DA:56,2
DA:58,4
DA:61,4
DA:62,4
DA:63,2
DA:65,2
DA:67,4
DA:70,2
DA:71,2
DA:76,1
DA:77,1
DA:78,1
DA:80,1
DA:81,1
DA:82,1
DA:84,1
DA:85,1
DA:86,1
DA:88,1
DA:89,1
DA:90,1
DA:92,1
DA:93,1
DA:94,1
DA:96,1
DA:97,1
DA:98,1
DA:100,1
DA:101,1
DA:102,1
DA:104,1
DA:105,1
DA:106,1
DA:108,1
DA:109,1
DA:110,1
DA:112,1
LF:58
LH:58
BRDA:24,0,0,4
BRDA:24,0,1,4
BRDA:24,0,2,4
BRDA:24,0,3,4
BRDA:24,0,4,2
BRDA:27,1,0,2
BRDA:27,1,1,2
BRDA:27,2,0,4
BRDA:27,2,1,2
BRDA:37,3,0,2
BRDA:40,4,0,2
BRDA:43,5,0,2
BRDA:43,6,0,4
BRDA:43,6,1,2
BRDA:46,7,0,2
BRDA:46,8,0,4
BRDA:46,8,1,2
BRDA:53,9,0,2
BRDA:53,9,1,2
BRDA:62,10,0,2
BRDA:62,10,1,2
BRDA:62,11,0,4
BRDA:62,11,1,2
BRF:23
BRH:23
end_of_record
TN:
SF:src/testData/animeServiceData/expectedAnimeList.ts
FNF:0
FNH:0
DA:3,1
LF:1
LH:1
BRF:0
BRH:0
end_of_record
TN:
SF:src/testData/animeServiceData/expectedAuthors.ts
FNF:0
FNH:0
DA:3,1
LF:1
LH:1
BRF:0
BRH:0
end_of_record
TN:
SF:src/testData/parametrizedData/animeIds.ts
FNF:0
FNH:0
DA:1,1
DA:4,1
LF:2
LH:2
BRF:0
BRH:0
end_of_record
TN:
SF:src/testData/parametrizedData/authorNames.ts
FNF:0
FNH:0
DA:1,1
LF:1
LH:1
BRF:0
BRH:0
end_of_record
